EESchema (2006-08-28)  >> Creation date: 15/4/2010-09:15:46

#Cmp ( ordre = Reference )
| C1         10u         
| C10        C           
| C11        C           
| C12        C           
| C13        1u          
| C14        1u          
| C15        1u          
| C16        1u          
| C2         10u         
| C3         17p         
| C4         17p         
| C5         330n        
| C6         330n        
| C7         330n        
| C8         330n        
| C9         330n        
| D1         RED         
| J1         DB25        
| P1         ALIM        
| P10        UConv       
| P2         IMot1       
| P3         IMot2       
| P4         ISc1        
| P5         ISc2        
| P6         Temp1       
| P7         Temp2       
| P8         ToDriver1   
| P9         ToDriver2   
| R1         1,5k        
| R10        169         
| R11        1k          
| R12        1k          
| R13        1k          
| R14        1k          
| R15        1k          
| R16        1k          
| R17        2,1k        
| R18        2,1k        
| R19        2,4k        
| R2         1,5k        
| R20        2,4k        
| R21        2,4k        
| R22        2,4k        
| R23        2k          
| R24        2k          
| R25        3,74k       
| R26        3,74k       
| R27        350         
| R28        3k          
| R29        3k          
| R3         10k         
| R30        500         
| R31        7,2k        
| R32        7,2k        
| R33        R           
| R34        R           
| R35        R           
| R36        R           
| R37        R           
| R38        R           
| R39        R           
| R4         10k         
| R5         10k         
| R6         10k         
| R7         14,5k       
| R8         169         
| R9         169         
| U1         TLC274      
| U10        LEM_USc     
| U11        ELCC_TRACO  
| U2         TLC274      
| U3         TLC274      
| U4         TLC274      
| U5         7805        
| U8         LEM_Umot1   
| U9         LEM_Umot2   
#End Cmp

#Cmp ( ordre = Valeur )
| 1,5k         R1        
| 1,5k         R2        
| 10k          R3        
| 10k          R4        
| 10k          R5        
| 10k          R6        
| 10u          C1        
| 10u          C2        
| 14,5k        R7        
| 169          R10       
| 169          R8        
| 169          R9        
| 17p          C3        
| 17p          C4        
| 1k           R11       
| 1k           R12       
| 1k           R13       
| 1k           R14       
| 1k           R15       
| 1k           R16       
| 1u           C13       
| 1u           C14       
| 1u           C15       
| 1u           C16       
| 2,1k         R17       
| 2,1k         R18       
| 2,4k         R19       
| 2,4k         R20       
| 2,4k         R21       
| 2,4k         R22       
| 2k           R23       
| 2k           R24       
| 3,74k        R25       
| 3,74k        R26       
| 330n         C5        
| 330n         C6        
| 330n         C7        
| 330n         C8        
| 330n         C9        
| 350          R27       
| 3k           R28       
| 3k           R29       
| 500          R30       
| 7,2k         R31       
| 7,2k         R32       
| 7805         U5        
| ALIM         P1        
| C            C10       
| C            C11       
| C            C12       
| DB25         J1        
| ELCC_TRACO   U11       
| IMot1        P2        
| IMot2        P3        
| ISc1         P4        
| ISc2         P5        
| LEM_Umot1    U8        
| LEM_Umot2    U9        
| LEM_USc      U10       
| R            R33       
| R            R34       
| R            R35       
| R            R36       
| R            R37       
| R            R38       
| R            R39       
| RED          D1        
| Temp1        P6        
| Temp2        P7        
| TLC274       U1        
| TLC274       U2        
| TLC274       U3        
| TLC274       U4        
| ToDriver1    P8        
| ToDriver2    P9        
| UConv        P10       
#End Cmp

#End List
