EESchema (2006-08-28)  >> Creation date: 15/4/2010-09:16:17

#Cmp ( ordre = Reference )
| C1         10u         
| C2         17p         
| C3         1u          
| C4         17p         
| D1         RED         
| J1         DB9         
| P1         Alim        
| P2         Vsc_l       
| P3         Vsc_h       
| P4         Critic      
| P5         Mode        
| P6         Frein       
| P7         Boost       
| R1         10k         
| R2         10k         
| R3         10k         
| R4         500         
| U1         7805        
| U2         LM324       
#End Cmp

#Cmp ( ordre = Valeur )
| 10k          R1        
| 10k          R2        
| 10k          R3        
| 10u          C1        
| 17p          C2        
| 17p          C4        
| 1u           C3        
| 500          R4        
| 7805         U1        
| Alim         P1        
| Boost        P7        
| Critic       P4        
| DB9          J1        
| Frein        P6        
| LM324        U2        
| Mode         P5        
| RED          D1        
| Vsc_h        P3        
| Vsc_l        P2        
#End Cmp

#End List
