EESchema (2006-08-28)  >> Creation date: 15/4/2010-09:16:29

#Cmp ( ordre = Reference )
| C1         10u         
| C2         17p         
| C3         17p         
| C4         1u          
| D1         RED         
| J1         DB9         
| P1         Alim        
| P2         VitD        
| P3         VitG        
| R1         10k         
| R2         10k         
| R3         22k         
| R4         22k         
| R5         330         
| R6         330         
| R7         500         
| U1         7805        
| U2         LM324       
#End Cmp

#Cmp ( ordre = Valeur )
| 10k          R1        
| 10k          R2        
| 10u          C1        
| 17p          C2        
| 17p          C3        
| 1u           C4        
| 22k          R3        
| 22k          R4        
| 330          R5        
| 330          R6        
| 500          R7        
| 7805         U1        
| Alim         P1        
| DB9          J1        
| LM324        U2        
| RED          D1        
| VitD         P2        
| VitG         P3        
#End Cmp

#End List
