eeschema (20100314 SVN-R2460)-final  >> Creation date: 22/04/2010 09:58:59

#Cmp ( ordre = Référence )
| C1         1n          
| C2         22p         
| C3         1u          
| P1         Alim        
| P2         Display     
| P3         Relais      
| P4         SCapa       
| P5         Select      
| R3         10k 9W      
| R41        3.3k 1W     
| R42        1.5k 1W     
| R43        870 1W      
| U1         LT1008      
#End Cmp

#Cmp ( ordre = Valeur )
| 1.5k 1W      R42       
| 10k 9W       R3        
| 1n           C1        
| 1u           C3        
| 22p          C2        
| 3.3k 1W      R41       
| 870 1W       R43       
| Alim         P1        
| Display      P2        
| LT1008       U1        
| Relais       P3        
| SCapa        P4        
| Select       P5        
#End Cmp

#End List
