
ROM used: 2752 (8%)
          2752 (8%) including unused fragments

          2 Average locations per line
          13 Average locations per statement

RAM used: 40 (3%) at main() level
          84 (5%) worst case

Stack used: 3 worst case (out of 30 total available)

Lines Stmts  %   Files
----- ----- ---  -----
  198    78  37  carte_vitesse_v1.c
  361     0   0  ..\..\..\..\..\..\..\Program Files (x86)\PICC\devices\18F2580.h
  439   135  63  ..\..\..\..\..\..\..\Program Files (x86)\PICC\drivers\can-18xxx8.c
  369     0   0  ..\..\..\..\..\..\..\Program Files (x86)\PICC\drivers\can-18xxx8.h
   25     0   0  ..\includes\CAN_id_v2.h
----- -----
 1392   213 Total

Page ROM  %  RAM   Vol Diff  Functions:
---- --- --- ---   --- ----  ----------
0    216   4   2   733  4.3  can_init
0     46   1   0   255  2.3  can_set_baud
0     34   1   2    76  3.1  can_set_mode
0    304   6  14  1112  6.4  can_set_id
0    478   9  18   706  8.4  can_get_id
0    192   3  17  1026  7.9  can_putd
 Inline       14  1640  5.8  can_getd
0     54   1   0    59  2.1  isr_timer2
0   1056  19   0   265  2.3  MAIN
 Inline       14   626  5.9  manageCAN
 Inline        3  1430  7.3  internalLogic
0     30   1   5   277  4.8  @MUL1616
0     66   1   5   251  5.9  @DIV1616
0    122   2  13             @DIV3232

Program metrics:
    Functions               13
    Statements              213
    Comments                531
    Volume (V)              13087
    Difficilty (D)          65.8
    Effort to implement (E) 861048
    Time to implement (T)   13 hours, 17 minutes
    Est Delivered Bugs (B)  3
    Cyclomatic Complexity   29
    Maintainability (MI)    66

 Segment     Used  Free
-----------  ----  ----
00000-00002     4  0  
00004-00006     0  4  
00008-0009C   150  0  
0009E-07FFE  2598  30012  



